h:\gamedev\nclgl\x64\debug\camera.obj
h:\gamedev\nclgl\x64\debug\nclgl.pdb
h:\gamedev\compgamesdev\x64\debug\nclgl.lib
h:\gamedev\nclgl\x64\debug\frustum.obj
h:\gamedev\nclgl\x64\debug\gametimer.obj
h:\gamedev\nclgl\x64\debug\heightmap.obj
h:\gamedev\nclgl\x64\debug\keyboard.obj
h:\gamedev\nclgl\x64\debug\matrix4.obj
h:\gamedev\nclgl\x64\debug\mesh.obj
h:\gamedev\nclgl\x64\debug\mouse.obj
h:\gamedev\nclgl\x64\debug\objmesh.obj
h:\gamedev\nclgl\x64\debug\oglrenderer.obj
h:\gamedev\nclgl\x64\debug\plane.obj
h:\gamedev\nclgl\x64\debug\quaternion.obj
h:\gamedev\nclgl\x64\debug\scenenode.obj
h:\gamedev\nclgl\x64\debug\shader.obj
h:\gamedev\nclgl\x64\debug\window.obj
h:\gamedev\nclgl\x64\debug\nclgl.idb
h:\gamedev\compgamesdev\x64\debug\nclgl.pdb
h:\gamedev\nclgl\x64\debug\nclgl.tlog\cl.command.1.tlog
h:\gamedev\nclgl\x64\debug\nclgl.tlog\cl.read.1.tlog
h:\gamedev\nclgl\x64\debug\nclgl.tlog\cl.write.1.tlog
h:\gamedev\nclgl\x64\debug\nclgl.tlog\lib-link.read.1.tlog
h:\gamedev\nclgl\x64\debug\nclgl.tlog\lib-link.write.1.tlog
h:\gamedev\nclgl\x64\debug\nclgl.tlog\lib.command.1.tlog
