  Renderer.cpp
c:\users\tywhi\documents\uni\gamedev\compgamesdev\common\gameobject.h(19): error C2061: syntax error: identifier 'Message'
c:\users\tywhi\documents\uni\gamedev\compgamesdev\common\gameobject.h(8): error C2011: 'GameObject': 'class' type redefinition
  c:\users\tywhi\documents\uni\gamedev\compgamesdev\common\gameobject.h(8): note: see declaration of 'GameObject'
c:\users\tywhi\documents\uni\gamedev\compgamesdev\renderer\renderer.cpp(51): error C2027: use of undefined type 'GameObject'
  c:\users\tywhi\documents\uni\gamedev\compgamesdev\common\gameobject.h(8): note: see declaration of 'GameObject'
c:\users\tywhi\documents\uni\gamedev\compgamesdev\renderer\renderer.cpp(51): error C2227: left of '->getXPos' must point to class/struct/union/generic type
c:\users\tywhi\documents\uni\gamedev\compgamesdev\renderer\renderer.cpp(51): error C2227: left of '->getYPos' must point to class/struct/union/generic type
c:\users\tywhi\documents\uni\gamedev\compgamesdev\renderer\renderer.cpp(51): error C2440: '<function-style-cast>': cannot convert from 'float' to 'Vector3'
  c:\users\tywhi\documents\uni\gamedev\compgamesdev\renderer\renderer.cpp(51): note: No constructor could take the source type, or constructor overload resolution was ambiguous
  Graphics.cpp
c:\users\tywhi\documents\uni\gamedev\compgamesdev\common\gameobject.h(19): error C2061: syntax error: identifier 'Message'
c:\users\tywhi\documents\uni\gamedev\compgamesdev\common\gameobject.h(8): error C2011: 'GameObject': 'class' type redefinition
  c:\users\tywhi\documents\uni\gamedev\compgamesdev\common\gameobject.h(8): note: see declaration of 'GameObject'
c:\users\tywhi\documents\uni\gamedev\compgamesdev\renderer\graphics.cpp(19): error C2027: use of undefined type 'GameObject'
  c:\users\tywhi\documents\uni\gamedev\compgamesdev\common\gameobject.h(8): note: see declaration of 'GameObject'
c:\users\tywhi\documents\uni\gamedev\compgamesdev\renderer\graphics.cpp(19): error C2227: left of '->getXPos' must point to class/struct/union/generic type
c:\users\tywhi\documents\uni\gamedev\compgamesdev\renderer\graphics.cpp(19): error C2227: left of '->getYPos' must point to class/struct/union/generic type
c:\users\tywhi\documents\uni\gamedev\compgamesdev\renderer\graphics.cpp(19): error C2440: '<function-style-cast>': cannot convert from 'int' to 'Vector3'
  c:\users\tywhi\documents\uni\gamedev\compgamesdev\renderer\graphics.cpp(19): note: No constructor could take the source type, or constructor overload resolution was ambiguous
  Generating Code...
