h:\gamedev\nclgl\x64\release\nclgl.pdb
h:\gamedev\nclgl\x64\release\window.obj
h:\gamedev\nclgl\x64\release\shader.obj
h:\gamedev\nclgl\x64\release\scenenode.obj
h:\gamedev\nclgl\x64\release\quaternion.obj
h:\gamedev\nclgl\x64\release\plane.obj
h:\gamedev\nclgl\x64\release\oglrenderer.obj
h:\gamedev\nclgl\x64\release\objmesh.obj
h:\gamedev\nclgl\x64\release\mouse.obj
h:\gamedev\nclgl\x64\release\mesh.obj
h:\gamedev\nclgl\x64\release\matrix4.obj
h:\gamedev\nclgl\x64\release\keyboard.obj
h:\gamedev\nclgl\x64\release\heightmap.obj
h:\gamedev\nclgl\x64\release\gametimer.obj
h:\gamedev\nclgl\x64\release\frustum.obj
h:\gamedev\nclgl\x64\release\camera.obj
h:\gamedev\compgamesdev\lib\release\nclgl.lib
h:\gamedev\nclgl\x64\release\nclgl.tlog\cl.command.1.tlog
h:\gamedev\nclgl\x64\release\nclgl.tlog\cl.read.1.tlog
h:\gamedev\nclgl\x64\release\nclgl.tlog\cl.write.1.tlog
h:\gamedev\nclgl\x64\release\nclgl.tlog\lib-link.read.1.tlog
h:\gamedev\nclgl\x64\release\nclgl.tlog\lib-link.write.1.tlog
h:\gamedev\nclgl\x64\release\nclgl.tlog\lib.command.1.tlog
