h:\gamedev\box2d\obj\release\box2d.pdb
h:\gamedev\box2d\obj\release\b2chainandpolygoncontact.obj
h:\gamedev\box2d\obj\release\b2chainandcirclecontact.obj
h:\gamedev\box2d\obj\release\b2timer.obj
h:\gamedev\box2d\obj\release\b2stackallocator.obj
h:\gamedev\box2d\obj\release\b2settings.obj
h:\gamedev\box2d\obj\release\b2math.obj
h:\gamedev\box2d\obj\release\b2draw.obj
h:\gamedev\box2d\obj\release\b2blockallocator.obj
h:\gamedev\box2d\obj\release\b2timeofimpact.obj
h:\gamedev\box2d\obj\release\b2dynamictree.obj
h:\gamedev\box2d\obj\release\b2distance.obj
h:\gamedev\box2d\obj\release\b2collision.obj
h:\gamedev\box2d\obj\release\b2collidepolygon.obj
h:\gamedev\box2d\obj\release\b2collideedge.obj
h:\gamedev\box2d\obj\release\b2collidecircle.obj
h:\gamedev\box2d\obj\release\b2broadphase.obj
h:\gamedev\box2d\obj\release\b2polygonshape.obj
h:\gamedev\box2d\obj\release\b2edgeshape.obj
h:\gamedev\box2d\obj\release\b2circleshape.obj
h:\gamedev\box2d\obj\release\b2chainshape.obj
h:\gamedev\box2d\obj\release\b2body.obj
h:\gamedev\box2d\obj\release\b2wheeljoint.obj
h:\gamedev\box2d\obj\release\b2weldjoint.obj
h:\gamedev\box2d\obj\release\b2ropejoint.obj
h:\gamedev\box2d\obj\release\b2revolutejoint.obj
h:\gamedev\box2d\obj\release\b2pulleyjoint.obj
h:\gamedev\box2d\obj\release\b2prismaticjoint.obj
h:\gamedev\box2d\obj\release\b2mousejoint.obj
h:\gamedev\box2d\obj\release\b2motorjoint.obj
h:\gamedev\box2d\obj\release\b2joint.obj
h:\gamedev\box2d\obj\release\b2gearjoint.obj
h:\gamedev\box2d\obj\release\b2frictionjoint.obj
h:\gamedev\box2d\obj\release\b2distancejoint.obj
h:\gamedev\box2d\obj\release\b2polygoncontact.obj
h:\gamedev\box2d\obj\release\b2polygonandcirclecontact.obj
h:\gamedev\box2d\obj\release\b2edgeandpolygoncontact.obj
h:\gamedev\box2d\obj\release\b2edgeandcirclecontact.obj
h:\gamedev\box2d\obj\release\b2contactsolver.obj
h:\gamedev\box2d\obj\release\b2contact.obj
h:\gamedev\box2d\obj\release\b2circlecontact.obj
h:\gamedev\box2d\obj\release\b2rope.obj
h:\gamedev\box2d\obj\release\b2worldcallbacks.obj
h:\gamedev\box2d\obj\release\b2world.obj
h:\gamedev\box2d\obj\release\b2island.obj
h:\gamedev\box2d\obj\release\b2fixture.obj
h:\gamedev\box2d\obj\release\b2contactmanager.obj
h:\gamedev\compgamesdev\lib\release\box2d.lib
h:\gamedev\box2d\obj\release\box2d.tlog\cl.command.1.tlog
h:\gamedev\box2d\obj\release\box2d.tlog\cl.read.1.tlog
h:\gamedev\box2d\obj\release\box2d.tlog\cl.write.1.tlog
h:\gamedev\box2d\obj\release\box2d.tlog\lib-link.read.1.tlog
h:\gamedev\box2d\obj\release\box2d.tlog\lib-link.write.1.tlog
h:\gamedev\box2d\obj\release\box2d.tlog\lib.command.1.tlog
