  Input.cpp
c:\users\tywhi\documents\uni\gamedev\compgamesdev\common\gameobject.h(19): error C2061: syntax error: identifier 'Message'
c:\users\tywhi\documents\uni\gamedev\compgamesdev\common\gameobject.h(8): error C2011: 'GameObject': 'class' type redefinition
  c:\users\tywhi\documents\uni\gamedev\compgamesdev\common\gameobject.h(8): note: see declaration of 'GameObject'
c:\users\tywhi\documents\uni\gamedev\compgamesdev\input\input.cpp(16): error C2027: use of undefined type 'GameObject'
  c:\users\tywhi\documents\uni\gamedev\compgamesdev\common\gameobject.h(8): note: see declaration of 'GameObject'
c:\users\tywhi\documents\uni\gamedev\compgamesdev\input\input.cpp(16): error C2227: left of '->setYPos' must point to class/struct/union/generic type
c:\users\tywhi\documents\uni\gamedev\compgamesdev\input\input.cpp(16): error C2227: left of '->getYPos' must point to class/struct/union/generic type
c:\users\tywhi\documents\uni\gamedev\compgamesdev\input\input.cpp(20): error C2027: use of undefined type 'GameObject'
  c:\users\tywhi\documents\uni\gamedev\compgamesdev\common\gameobject.h(8): note: see declaration of 'GameObject'
c:\users\tywhi\documents\uni\gamedev\compgamesdev\input\input.cpp(20): error C2227: left of '->setYPos' must point to class/struct/union/generic type
c:\users\tywhi\documents\uni\gamedev\compgamesdev\input\input.cpp(20): error C2227: left of '->getYPos' must point to class/struct/union/generic type
c:\users\tywhi\documents\uni\gamedev\compgamesdev\input\input.cpp(24): error C2027: use of undefined type 'GameObject'
  c:\users\tywhi\documents\uni\gamedev\compgamesdev\common\gameobject.h(8): note: see declaration of 'GameObject'
c:\users\tywhi\documents\uni\gamedev\compgamesdev\input\input.cpp(24): error C2227: left of '->setXPos' must point to class/struct/union/generic type
c:\users\tywhi\documents\uni\gamedev\compgamesdev\input\input.cpp(24): error C2227: left of '->getXPos' must point to class/struct/union/generic type
c:\users\tywhi\documents\uni\gamedev\compgamesdev\input\input.cpp(28): error C2027: use of undefined type 'GameObject'
  c:\users\tywhi\documents\uni\gamedev\compgamesdev\common\gameobject.h(8): note: see declaration of 'GameObject'
c:\users\tywhi\documents\uni\gamedev\compgamesdev\input\input.cpp(28): error C2227: left of '->setXPos' must point to class/struct/union/generic type
c:\users\tywhi\documents\uni\gamedev\compgamesdev\input\input.cpp(28): error C2227: left of '->getXPos' must point to class/struct/union/generic type
